<?xml version="1.0" encoding="UTF-8"?>
<testsuite xmlns:xsi="http://www.w3.org/2001/XMLSchema-instance" xsi:schemaLocation="https://maven.apache.org/surefire/maven-surefire-plugin/xsd/surefire-test-report.xsd" name="automation.DefinitionTestSuite" time="94.959" tests="6" errors="0" skipped="0" failures="0">
  <properties>
[...]
</properties>
  <testcase name="Looking up the definition of &apos;apple&apos;" classname="Lookup a definition" time="17.387"/>
  <testcase name="Looking up the definition of &apos;pear&apos;" classname="Lookup a definition" time="13.872"/>
  <testcase name="Looking up the definition of &apos;cherry&apos;" classname="Lookup a definition" time="16.394"/>
  <testcase name="Looking up the definition of banana" classname="Lookup a definition" time="13.503"/>
  <testcase name="Looking up the definition of orange" classname="Lookup a definition" time="13.564"/>
  <testcase name="Looking up the definition of melon" classname="Lookup a definition" time="16.947"/>
</testsuite>